[2025-05-09 09:51:04] Loading R module
R/4.3.1: Nearly all CRAN and BioConductor packages are installed and available
by loading the module R_packages/4.3.1 
R_packages/4.3.1: Note that loading some spatial analysis packages, especially geo-related packages, might
R_packages/4.3.1: require you to load additional modules prior to use. monocle3 is such a package. See
R_packages/4.3.1: 'module help R_packages/4.3.1'

R_packages/4.3.1: The RStudio packages pane is disabled when loading this module, due to RStudio slowdowns
R_packages/4.3.1: because there are >20000 available packages. *All packages are still available.*  For 
R_packages/4.3.1: more information and instructions to re-enable the packages pane (not recommended) see
R_packages/4.3.1: 'module help R_packages/4.3.1'

[2025-05-09 09:51:09] Changing to data directory: /proj/uppmax2025-3-3/GA_marziehh/diff_expression/htseq_counts
[2025-05-09 09:51:09] Creating sample_table.txt
[2025-05-09 09:51:09] Writing deseq2_plots.R
[2025-05-09 09:51:09] Starting DESeq2 analysis
[DESeq2] Reading sample table
[DESeq2] Creating DESeqDataSet
Error in DESeqDataSet(se, design = design, ignoreRank) : 
  all samples have 0 counts for all genes. check the counting script.
Calls: DESeqDataSetFromHTSeqCount -> DESeqDataSetFromMatrix -> DESeqDataSet
Execution halted
[2025-05-09 09:51:19] DESeq2 finished
[2025-05-09 09:51:19] Generated files: deseq2_results.csv, plot_PCA.png, plot_MA.png, heatmap_top50.png
