Processing r7
#  emapper-2.1.9-2c7d0d8
# emapper.py  -i /home/marziehh/Genom-Analysis/results/annotation/prokka_r7/r7_annotation.faa --itype proteins -m diamond --cpu 16 -o r7_eggnog_results --output_dir /proj/uppmax2025-3-3/GA_marziehh/eggnog_results/r7_diamond --decorate_gff /home/marziehh/Genom-Analysis/results/annotation/prokka_r7/r7_annotation_clean.gff --decorate_gff_ID_field ID --tax_scope bacteria --excel --override
[1;33m  /sw/bioinfo/eggNOG-mapper/2.1.9/snowy/bin/diamond blastp -d /crex/data/eggNOG_data/5.0.0/rackham/eggnog_proteins.dmnd -q /domus/h1/marziehh/Genom-Analysis/results/annotation/prokka_r7/r7_annotation.faa --threads 16 -o /crex/proj/uppmax2025-3-3/GA_marziehh/eggnog_results/r7_diamond/r7_eggnog_results.emapper.hits --tmpdir /domus/h1/marziehh/Genom-Analysis/code/annotation/emappertmp_dmdn_1tvfq5f6 --sensitive --iterate -e 0.001 --top 3  --outfmt 6 qseqid sseqid pident length mismatch gapopen qstart qend sstart send evalue bitscore qcovhsp scovhsp[0m
[32mDone[0m
[1;33mResult files:[0m
   /crex/proj/uppmax2025-3-3/GA_marziehh/eggnog_results/r7_diamond/r7_eggnog_results.emapper.decorated.gff
   /crex/proj/uppmax2025-3-3/GA_marziehh/eggnog_results/r7_diamond/r7_eggnog_results.emapper.hits
   /crex/proj/uppmax2025-3-3/GA_marziehh/eggnog_results/r7_diamond/r7_eggnog_results.emapper.seed_orthologs
   /crex/proj/uppmax2025-3-3/GA_marziehh/eggnog_results/r7_diamond/r7_eggnog_results.emapper.annotations
   /crex/proj/uppmax2025-3-3/GA_marziehh/eggnog_results/r7_diamond/r7_eggnog_results.emapper.annotations.xlsx

================================================================================
CITATION:
If you use this software, please cite:

[1] eggNOG-mapper v2: functional annotation, orthology assignments, and domain 
      prediction at the metagenomic scale. Carlos P. Cantalapiedra, 
      Ana Hernandez-Plaza, Ivica Letunic, Peer Bork, Jaime Huerta-Cepas. 2021.
      Molecular Biology and Evolution, msab293, https://doi.org/10.1093/molbev/msab293

[2] eggNOG 5.0: a hierarchical, functionally and phylogenetically annotated
      orthology resource based on 5090 organisms and 2502 viruses. Jaime
      Huerta-Cepas, Damian Szklarczyk, Davide Heller, Ana Hernandez-Plaza,
      Sofia K Forslund, Helen Cook, Daniel R Mende, Ivica Letunic, Thomas
      Rattei, Lars J Jensen, Christian von Mering and Peer Bork. Nucleic Acids
      Research, Volume 47, Issue D1, 8 January 2019, Pages D309-D314,
      https://doi.org/10.1093/nar/gky1085 

[3] Sensitive protein alignments at tree-of-life scale using DIAMOND.
       Buchfink B, Reuter K, Drost HG. 2021.
       Nature Methods 18, 366–368 (2021). https://doi.org/10.1038/s41592-021-01101-x

e.g. Functional annotation was performed using eggNOG-mapper (version emapper-2.1.9-2c7d0d8) [1]
 based on eggNOG orthology data [2]. Sequence searches were performed using [3].

================================================================================

Total hits processed: 8077
Total time: 426 secs
FINISHED
Annotation completed for r7
Processing hp126
#  emapper-2.1.9-2c7d0d8
# emapper.py  -i /home/marziehh/Genom-Analysis/results/annotation/prokka_hp126/hp126_annotation.faa --itype proteins -m diamond --cpu 16 -o hp126_eggnog_results --output_dir /proj/uppmax2025-3-3/GA_marziehh/eggnog_results/hp126_diamond --decorate_gff /home/marziehh/Genom-Analysis/results/annotation/prokka_hp126/hp126_annotation_clean.gff --decorate_gff_ID_field ID --tax_scope bacteria --excel --override
[1;33m  /sw/bioinfo/eggNOG-mapper/2.1.9/snowy/bin/diamond blastp -d /crex/data/eggNOG_data/5.0.0/rackham/eggnog_proteins.dmnd -q /domus/h1/marziehh/Genom-Analysis/results/annotation/prokka_hp126/hp126_annotation.faa --threads 16 -o /crex/proj/uppmax2025-3-3/GA_marziehh/eggnog_results/hp126_diamond/hp126_eggnog_results.emapper.hits --tmpdir /domus/h1/marziehh/Genom-Analysis/code/annotation/emappertmp_dmdn_iwwpnyh1 --sensitive --iterate -e 0.001 --top 3  --outfmt 6 qseqid sseqid pident length mismatch gapopen qstart qend sstart send evalue bitscore qcovhsp scovhsp[0m
[32mDone[0m
[1;33mResult files:[0m
   /crex/proj/uppmax2025-3-3/GA_marziehh/eggnog_results/hp126_diamond/hp126_eggnog_results.emapper.decorated.gff
   /crex/proj/uppmax2025-3-3/GA_marziehh/eggnog_results/hp126_diamond/hp126_eggnog_results.emapper.hits
   /crex/proj/uppmax2025-3-3/GA_marziehh/eggnog_results/hp126_diamond/hp126_eggnog_results.emapper.seed_orthologs
   /crex/proj/uppmax2025-3-3/GA_marziehh/eggnog_results/hp126_diamond/hp126_eggnog_results.emapper.annotations
   /crex/proj/uppmax2025-3-3/GA_marziehh/eggnog_results/hp126_diamond/hp126_eggnog_results.emapper.annotations.xlsx

================================================================================
CITATION:
If you use this software, please cite:

[1] eggNOG-mapper v2: functional annotation, orthology assignments, and domain 
      prediction at the metagenomic scale. Carlos P. Cantalapiedra, 
      Ana Hernandez-Plaza, Ivica Letunic, Peer Bork, Jaime Huerta-Cepas. 2021.
      Molecular Biology and Evolution, msab293, https://doi.org/10.1093/molbev/msab293

[2] eggNOG 5.0: a hierarchical, functionally and phylogenetically annotated
      orthology resource based on 5090 organisms and 2502 viruses. Jaime
      Huerta-Cepas, Damian Szklarczyk, Davide Heller, Ana Hernandez-Plaza,
      Sofia K Forslund, Helen Cook, Daniel R Mende, Ivica Letunic, Thomas
      Rattei, Lars J Jensen, Christian von Mering and Peer Bork. Nucleic Acids
      Research, Volume 47, Issue D1, 8 January 2019, Pages D309-D314,
      https://doi.org/10.1093/nar/gky1085 

[3] Sensitive protein alignments at tree-of-life scale using DIAMOND.
       Buchfink B, Reuter K, Drost HG. 2021.
       Nature Methods 18, 366–368 (2021). https://doi.org/10.1038/s41592-021-01101-x

e.g. Functional annotation was performed using eggNOG-mapper (version emapper-2.1.9-2c7d0d8) [1]
 based on eggNOG orthology data [2]. Sequence searches were performed using [3].

================================================================================

Total hits processed: 7366
Total time: 343 secs
FINISHED
Annotation completed for hp126
All annotations done at Wed May 14 14:15:35 CEST 2025
