eggNOG_data/5.0.0: Data available at $EGGNOG_DATA_ROOT, see 'module help eggNOG_data/5.0.0'
[1;32mFunctional annotation of hits...[0m
0 6.67572021484375e-06 0.00 q/s (% mem usage: 8.70, % mem avail: 91.26)
[1;32mDecorating gff file /home/marziehh/Genom-Analysis/results/annotation/prokka_r7/r7_annotation_clean.gff...[0m
500 11.86891222000122 42.13 q/s (% mem usage: 10.30, % mem avail: 89.75)
1000 15.048222780227661 66.45 q/s (% mem usage: 10.40, % mem avail: 89.60)
1500 16.824683904647827 89.15 q/s (% mem usage: 10.40, % mem avail: 89.58)
2000 19.85975170135498 100.71 q/s (% mem usage: 10.50, % mem avail: 89.55)
2500 22.61350679397583 110.55 q/s (% mem usage: 10.50, % mem avail: 89.49)
3000 24.77996516227722 121.07 q/s (% mem usage: 10.50, % mem avail: 89.45)
3500 27.400563716888428 127.73 q/s (% mem usage: 10.60, % mem avail: 89.43)
4000 29.636404514312744 134.97 q/s (% mem usage: 10.60, % mem avail: 89.40)
4500 31.32007336616516 143.68 q/s (% mem usage: 10.60, % mem avail: 89.38)
5000 33.715516090393066 148.30 q/s (% mem usage: 10.70, % mem avail: 89.32)
5500 35.15467071533203 156.45 q/s (% mem usage: 10.70, % mem avail: 89.31)
6000 39.11418318748474 153.40 q/s (% mem usage: 10.80, % mem avail: 89.23)
6500 39.51353740692139 164.50 q/s (% mem usage: 10.80, % mem avail: 89.23)
7000 40.572224140167236 172.53 q/s (% mem usage: 10.80, % mem avail: 89.19)
7500 40.97083902359009 183.06 q/s (% mem usage: 10.80, % mem avail: 89.19)
8000 41.74707007408142 191.63 q/s (% mem usage: 10.80, % mem avail: 89.18)
8077 45.103559494018555 179.08 q/s (% mem usage: 10.50, % mem avail: 89.48)
[1;32mFunctional annotation of hits...[0m
0 1.049041748046875e-05 0.00 q/s (% mem usage: 10.50, % mem avail: 89.53)
[1;32mDecorating gff file /home/marziehh/Genom-Analysis/results/annotation/prokka_hp126/hp126_annotation_clean.gff...[0m
500 1.3311357498168945 375.62 q/s (% mem usage: 10.80, % mem avail: 89.23)
1000 1.9283549785614014 518.58 q/s (% mem usage: 10.80, % mem avail: 89.23)
1500 3.1344399452209473 478.55 q/s (% mem usage: 10.80, % mem avail: 89.23)
2000 4.0967607498168945 488.19 q/s (% mem usage: 10.80, % mem avail: 89.22)
2500 5.098024129867554 490.39 q/s (% mem usage: 10.80, % mem avail: 89.22)
3000 6.005548715591431 499.54 q/s (% mem usage: 10.80, % mem avail: 89.22)
3500 7.220533132553101 484.73 q/s (% mem usage: 10.80, % mem avail: 89.22)
4000 7.995253324508667 500.30 q/s (% mem usage: 10.80, % mem avail: 89.21)
4500 9.007575988769531 499.58 q/s (% mem usage: 10.80, % mem avail: 89.21)
5000 9.89358377456665 505.38 q/s (% mem usage: 10.80, % mem avail: 89.21)
5500 10.893769025802612 504.88 q/s (% mem usage: 10.80, % mem avail: 89.20)
6000 11.926534414291382 503.08 q/s (% mem usage: 10.80, % mem avail: 89.20)
6500 12.32755732536316 527.27 q/s (% mem usage: 10.80, % mem avail: 89.20)
7000 12.812932014465332 546.32 q/s (% mem usage: 10.80, % mem avail: 89.19)
7366 16.276267290115356 452.56 q/s (% mem usage: 10.50, % mem avail: 89.49)
