Started analysis of SRR24413065_1_trimmed.fastq.gz
Approx 5% complete for SRR24413065_1_trimmed.fastq.gz
Approx 10% complete for SRR24413065_1_trimmed.fastq.gz
Approx 15% complete for SRR24413065_1_trimmed.fastq.gz
Approx 20% complete for SRR24413065_1_trimmed.fastq.gz
Approx 25% complete for SRR24413065_1_trimmed.fastq.gz
Approx 30% complete for SRR24413065_1_trimmed.fastq.gz
Approx 35% complete for SRR24413065_1_trimmed.fastq.gz
Approx 40% complete for SRR24413065_1_trimmed.fastq.gz
Approx 45% complete for SRR24413065_1_trimmed.fastq.gz
Approx 50% complete for SRR24413065_1_trimmed.fastq.gz
Approx 55% complete for SRR24413065_1_trimmed.fastq.gz
Approx 60% complete for SRR24413065_1_trimmed.fastq.gz
Approx 65% complete for SRR24413065_1_trimmed.fastq.gz
Approx 70% complete for SRR24413065_1_trimmed.fastq.gz
Approx 75% complete for SRR24413065_1_trimmed.fastq.gz
Approx 80% complete for SRR24413065_1_trimmed.fastq.gz
Approx 85% complete for SRR24413065_1_trimmed.fastq.gz
Approx 90% complete for SRR24413065_1_trimmed.fastq.gz
Approx 95% complete for SRR24413065_1_trimmed.fastq.gz
Analysis complete for SRR24413065_1_trimmed.fastq.gz
Started analysis of SRR24413065_1_unpaired.fastq.gz
Approx 5% complete for SRR24413065_1_unpaired.fastq.gz
Approx 10% complete for SRR24413065_1_unpaired.fastq.gz
Approx 15% complete for SRR24413065_1_unpaired.fastq.gz
Approx 20% complete for SRR24413065_1_unpaired.fastq.gz
Approx 25% complete for SRR24413065_1_unpaired.fastq.gz
Approx 30% complete for SRR24413065_1_unpaired.fastq.gz
Approx 35% complete for SRR24413065_1_unpaired.fastq.gz
Approx 40% complete for SRR24413065_1_unpaired.fastq.gz
Approx 45% complete for SRR24413065_1_unpaired.fastq.gz
Approx 50% complete for SRR24413065_1_unpaired.fastq.gz
Approx 55% complete for SRR24413065_1_unpaired.fastq.gz
Approx 60% complete for SRR24413065_1_unpaired.fastq.gz
Approx 65% complete for SRR24413065_1_unpaired.fastq.gz
Approx 70% complete for SRR24413065_1_unpaired.fastq.gz
Approx 75% complete for SRR24413065_1_unpaired.fastq.gz
Approx 80% complete for SRR24413065_1_unpaired.fastq.gz
Approx 85% complete for SRR24413065_1_unpaired.fastq.gz
Approx 90% complete for SRR24413065_1_unpaired.fastq.gz
Approx 95% complete for SRR24413065_1_unpaired.fastq.gz
Analysis complete for SRR24413065_1_unpaired.fastq.gz
Started analysis of SRR24413065_2_trimmed.fastq.gz
Approx 5% complete for SRR24413065_2_trimmed.fastq.gz
Approx 10% complete for SRR24413065_2_trimmed.fastq.gz
Approx 15% complete for SRR24413065_2_trimmed.fastq.gz
Approx 20% complete for SRR24413065_2_trimmed.fastq.gz
Approx 25% complete for SRR24413065_2_trimmed.fastq.gz
Approx 30% complete for SRR24413065_2_trimmed.fastq.gz
Approx 35% complete for SRR24413065_2_trimmed.fastq.gz
Approx 40% complete for SRR24413065_2_trimmed.fastq.gz
Approx 45% complete for SRR24413065_2_trimmed.fastq.gz
Approx 50% complete for SRR24413065_2_trimmed.fastq.gz
Approx 55% complete for SRR24413065_2_trimmed.fastq.gz
Approx 60% complete for SRR24413065_2_trimmed.fastq.gz
Approx 65% complete for SRR24413065_2_trimmed.fastq.gz
Approx 70% complete for SRR24413065_2_trimmed.fastq.gz
Approx 75% complete for SRR24413065_2_trimmed.fastq.gz
Approx 80% complete for SRR24413065_2_trimmed.fastq.gz
Approx 85% complete for SRR24413065_2_trimmed.fastq.gz
Approx 90% complete for SRR24413065_2_trimmed.fastq.gz
Approx 95% complete for SRR24413065_2_trimmed.fastq.gz
Analysis complete for SRR24413065_2_trimmed.fastq.gz
Started analysis of SRR24413065_2_unpaired.fastq.gz
Approx 5% complete for SRR24413065_2_unpaired.fastq.gz
Approx 15% complete for SRR24413065_2_unpaired.fastq.gz
Approx 25% complete for SRR24413065_2_unpaired.fastq.gz
Approx 30% complete for SRR24413065_2_unpaired.fastq.gz
Approx 40% complete for SRR24413065_2_unpaired.fastq.gz
Approx 50% complete for SRR24413065_2_unpaired.fastq.gz
Approx 60% complete for SRR24413065_2_unpaired.fastq.gz
Approx 65% complete for SRR24413065_2_unpaired.fastq.gz
Approx 75% complete for SRR24413065_2_unpaired.fastq.gz
Approx 85% complete for SRR24413065_2_unpaired.fastq.gz
Approx 95% complete for SRR24413065_2_unpaired.fastq.gz
Analysis complete for SRR24413065_2_unpaired.fastq.gz
Finished FastQC for SRR24413065 (short reads)
Started analysis of SRR24413071_1_trimmed.fastq.gz
Approx 5% complete for SRR24413071_1_trimmed.fastq.gz
Approx 10% complete for SRR24413071_1_trimmed.fastq.gz
Approx 15% complete for SRR24413071_1_trimmed.fastq.gz
Approx 20% complete for SRR24413071_1_trimmed.fastq.gz
Approx 25% complete for SRR24413071_1_trimmed.fastq.gz
Approx 30% complete for SRR24413071_1_trimmed.fastq.gz
Approx 35% complete for SRR24413071_1_trimmed.fastq.gz
Approx 40% complete for SRR24413071_1_trimmed.fastq.gz
Approx 45% complete for SRR24413071_1_trimmed.fastq.gz
Approx 50% complete for SRR24413071_1_trimmed.fastq.gz
Approx 55% complete for SRR24413071_1_trimmed.fastq.gz
Approx 60% complete for SRR24413071_1_trimmed.fastq.gz
Approx 65% complete for SRR24413071_1_trimmed.fastq.gz
Approx 70% complete for SRR24413071_1_trimmed.fastq.gz
Approx 75% complete for SRR24413071_1_trimmed.fastq.gz
Approx 80% complete for SRR24413071_1_trimmed.fastq.gz
Approx 85% complete for SRR24413071_1_trimmed.fastq.gz
Approx 90% complete for SRR24413071_1_trimmed.fastq.gz
Approx 95% complete for SRR24413071_1_trimmed.fastq.gz
Analysis complete for SRR24413071_1_trimmed.fastq.gz
Started analysis of SRR24413071_1_unpaired.fastq.gz
Approx 5% complete for SRR24413071_1_unpaired.fastq.gz
Approx 10% complete for SRR24413071_1_unpaired.fastq.gz
Approx 15% complete for SRR24413071_1_unpaired.fastq.gz
Approx 20% complete for SRR24413071_1_unpaired.fastq.gz
Approx 25% complete for SRR24413071_1_unpaired.fastq.gz
Approx 30% complete for SRR24413071_1_unpaired.fastq.gz
Approx 35% complete for SRR24413071_1_unpaired.fastq.gz
Approx 40% complete for SRR24413071_1_unpaired.fastq.gz
Approx 45% complete for SRR24413071_1_unpaired.fastq.gz
Approx 50% complete for SRR24413071_1_unpaired.fastq.gz
Approx 55% complete for SRR24413071_1_unpaired.fastq.gz
Approx 60% complete for SRR24413071_1_unpaired.fastq.gz
Approx 65% complete for SRR24413071_1_unpaired.fastq.gz
Approx 70% complete for SRR24413071_1_unpaired.fastq.gz
Approx 75% complete for SRR24413071_1_unpaired.fastq.gz
Approx 80% complete for SRR24413071_1_unpaired.fastq.gz
Approx 85% complete for SRR24413071_1_unpaired.fastq.gz
Approx 90% complete for SRR24413071_1_unpaired.fastq.gz
Approx 95% complete for SRR24413071_1_unpaired.fastq.gz
Analysis complete for SRR24413071_1_unpaired.fastq.gz
Started analysis of SRR24413071_2_trimmed.fastq.gz
Approx 5% complete for SRR24413071_2_trimmed.fastq.gz
Approx 10% complete for SRR24413071_2_trimmed.fastq.gz
Approx 15% complete for SRR24413071_2_trimmed.fastq.gz
Approx 20% complete for SRR24413071_2_trimmed.fastq.gz
Approx 25% complete for SRR24413071_2_trimmed.fastq.gz
Approx 30% complete for SRR24413071_2_trimmed.fastq.gz
Approx 35% complete for SRR24413071_2_trimmed.fastq.gz
Approx 40% complete for SRR24413071_2_trimmed.fastq.gz
Approx 45% complete for SRR24413071_2_trimmed.fastq.gz
Approx 50% complete for SRR24413071_2_trimmed.fastq.gz
Approx 55% complete for SRR24413071_2_trimmed.fastq.gz
Approx 60% complete for SRR24413071_2_trimmed.fastq.gz
Approx 65% complete for SRR24413071_2_trimmed.fastq.gz
Approx 70% complete for SRR24413071_2_trimmed.fastq.gz
Approx 75% complete for SRR24413071_2_trimmed.fastq.gz
Approx 80% complete for SRR24413071_2_trimmed.fastq.gz
Approx 85% complete for SRR24413071_2_trimmed.fastq.gz
Approx 90% complete for SRR24413071_2_trimmed.fastq.gz
Approx 95% complete for SRR24413071_2_trimmed.fastq.gz
Analysis complete for SRR24413071_2_trimmed.fastq.gz
Started analysis of SRR24413071_2_unpaired.fastq.gz
Approx 5% complete for SRR24413071_2_unpaired.fastq.gz
Approx 15% complete for SRR24413071_2_unpaired.fastq.gz
Approx 25% complete for SRR24413071_2_unpaired.fastq.gz
Approx 30% complete for SRR24413071_2_unpaired.fastq.gz
Approx 40% complete for SRR24413071_2_unpaired.fastq.gz
Approx 50% complete for SRR24413071_2_unpaired.fastq.gz
Approx 55% complete for SRR24413071_2_unpaired.fastq.gz
Approx 65% complete for SRR24413071_2_unpaired.fastq.gz
Approx 75% complete for SRR24413071_2_unpaired.fastq.gz
Approx 80% complete for SRR24413071_2_unpaired.fastq.gz
Approx 90% complete for SRR24413071_2_unpaired.fastq.gz
Analysis complete for SRR24413071_2_unpaired.fastq.gz
Finished FastQC for SRR24413071 (short reads)
FastQC for trimmed  DNA short-reads completed.
